<?xml version="1.0" encoding="UTF-8"?>
<testsuite name="ru.virtu.test.controller.GoodsControllerTest" tests="5" skipped="0" failures="0" errors="0" timestamp="2023-04-07T21:57:57" hostname="virtu-Aspire-A715-75G" time="0.163">
  <properties/>
  <testcase name="getGoods_Success()" classname="ru.virtu.test.controller.GoodsControllerTest" time="0.097"/>
  <testcase name="deleteGoods_Success()" classname="ru.virtu.test.controller.GoodsControllerTest" time="0.01"/>
  <testcase name="addGoods_Success()" classname="ru.virtu.test.controller.GoodsControllerTest" time="0.036"/>
  <testcase name="updateGoods_Success()" classname="ru.virtu.test.controller.GoodsControllerTest" time="0.008"/>
  <testcase name="getAllGoodses_Success()" classname="ru.virtu.test.controller.GoodsControllerTest" time="0.006"/>
  <system-out><![CDATA[00:57:55.858 [Test worker] DEBUG org.springframework.test.context.BootstrapUtils - Instantiating CacheAwareContextLoaderDelegate from class [org.springframework.test.context.cache.DefaultCacheAwareContextLoaderDelegate]
00:57:55.863 [Test worker] DEBUG org.springframework.test.context.BootstrapUtils - Instantiating BootstrapContext using constructor [public org.springframework.test.context.support.DefaultBootstrapContext(java.lang.Class,org.springframework.test.context.CacheAwareContextLoaderDelegate)]
00:57:55.885 [Test worker] DEBUG org.springframework.test.context.BootstrapUtils - Instantiating TestContextBootstrapper for test class [ru.virtu.test.controller.GoodsControllerTest] from class [org.springframework.boot.test.autoconfigure.web.servlet.WebMvcTestContextBootstrapper]
00:57:55.891 [Test worker] INFO org.springframework.boot.test.autoconfigure.web.servlet.WebMvcTestContextBootstrapper - Neither @ContextConfiguration nor @ContextHierarchy found for test class [ru.virtu.test.controller.GoodsControllerTest], using SpringBootContextLoader
00:57:55.893 [Test worker] DEBUG org.springframework.test.context.support.AbstractContextLoader - Did not detect default resource location for test class [ru.virtu.test.controller.GoodsControllerTest]: class path resource [ru/virtu/test/controller/GoodsControllerTest-context.xml] does not exist
00:57:55.893 [Test worker] DEBUG org.springframework.test.context.support.AbstractContextLoader - Did not detect default resource location for test class [ru.virtu.test.controller.GoodsControllerTest]: class path resource [ru/virtu/test/controller/GoodsControllerTestContext.groovy] does not exist
00:57:55.893 [Test worker] INFO org.springframework.test.context.support.AbstractContextLoader - Could not detect default resource locations for test class [ru.virtu.test.controller.GoodsControllerTest]: no resource found for suffixes {-context.xml, Context.groovy}.
00:57:55.894 [Test worker] INFO org.springframework.test.context.support.AnnotationConfigContextLoaderUtils - Could not detect default configuration classes for test class [ru.virtu.test.controller.GoodsControllerTest]: GoodsControllerTest does not declare any static, non-private, non-final, nested classes annotated with @Configuration.
00:57:55.932 [Test worker] DEBUG org.springframework.test.context.support.ActiveProfilesUtils - Could not find an 'annotation declaring class' for annotation type [org.springframework.test.context.ActiveProfiles] and class [ru.virtu.test.controller.GoodsControllerTest]
00:57:55.969 [Test worker] DEBUG org.springframework.context.annotation.ClassPathScanningCandidateComponentProvider - Identified candidate component class: file [/home/virtu/JavaLearn/stack/test-application/back/build/classes/java/main/ru/virtu/test/TestApplication.class]
00:57:55.970 [Test worker] INFO org.springframework.boot.test.context.SpringBootTestContextBootstrapper - Found @SpringBootConfiguration ru.virtu.test.TestApplication for test class ru.virtu.test.controller.GoodsControllerTest
00:57:55.972 [Test worker] DEBUG org.springframework.boot.test.autoconfigure.web.servlet.WebMvcTestContextBootstrapper - @TestExecutionListeners is not present for class [ru.virtu.test.controller.GoodsControllerTest]: using defaults.
00:57:55.972 [Test worker] INFO org.springframework.boot.test.autoconfigure.web.servlet.WebMvcTestContextBootstrapper - Loaded default TestExecutionListener class names from location [META-INF/spring.factories]: [org.springframework.boot.test.autoconfigure.restdocs.RestDocsTestExecutionListener, org.springframework.boot.test.autoconfigure.web.client.MockRestServiceServerResetTestExecutionListener, org.springframework.boot.test.autoconfigure.web.servlet.MockMvcPrintOnlyOnFailureTestExecutionListener, org.springframework.boot.test.autoconfigure.web.servlet.WebDriverTestExecutionListener, org.springframework.boot.test.autoconfigure.webservices.client.MockWebServiceServerTestExecutionListener, org.springframework.boot.test.mock.mockito.MockitoTestExecutionListener, org.springframework.boot.test.mock.mockito.ResetMocksTestExecutionListener, org.springframework.test.context.web.ServletTestExecutionListener, org.springframework.test.context.support.DirtiesContextBeforeModesTestExecutionListener, org.springframework.test.context.event.ApplicationEventsTestExecutionListener, org.springframework.test.context.support.DependencyInjectionTestExecutionListener, org.springframework.test.context.support.DirtiesContextTestExecutionListener, org.springframework.test.context.transaction.TransactionalTestExecutionListener, org.springframework.test.context.jdbc.SqlScriptsTestExecutionListener, org.springframework.test.context.event.EventPublishingTestExecutionListener]
00:57:55.981 [Test worker] INFO org.springframework.boot.test.autoconfigure.web.servlet.WebMvcTestContextBootstrapper - Using TestExecutionListeners: [org.springframework.test.context.web.ServletTestExecutionListener@655f7ea, org.springframework.test.context.support.DirtiesContextBeforeModesTestExecutionListener@549949be, org.springframework.test.context.event.ApplicationEventsTestExecutionListener@4b3a45f1, org.springframework.boot.test.mock.mockito.MockitoTestExecutionListener@17a87e37, org.springframework.boot.test.autoconfigure.SpringBootDependencyInjectionTestExecutionListener@3eeb318f, org.springframework.test.context.support.DirtiesContextTestExecutionListener@20a14b55, org.springframework.test.context.transaction.TransactionalTestExecutionListener@39ad977d, org.springframework.test.context.jdbc.SqlScriptsTestExecutionListener@6da00fb9, org.springframework.test.context.event.EventPublishingTestExecutionListener@a202ccb, org.springframework.boot.test.autoconfigure.restdocs.RestDocsTestExecutionListener@20f12539, org.springframework.boot.test.autoconfigure.web.client.MockRestServiceServerResetTestExecutionListener@75b25825, org.springframework.boot.test.autoconfigure.web.servlet.MockMvcPrintOnlyOnFailureTestExecutionListener@18025ced, org.springframework.boot.test.autoconfigure.web.servlet.WebDriverTestExecutionListener@13cf7d52, org.springframework.boot.test.autoconfigure.webservices.client.MockWebServiceServerTestExecutionListener@3a3e4aff, org.springframework.boot.test.mock.mockito.ResetMocksTestExecutionListener@5d2a4eed]
00:57:55.984 [Test worker] DEBUG org.springframework.test.context.support.AbstractDirtiesContextTestExecutionListener - Before test class: context [DefaultTestContext@2974f221 testClass = GoodsControllerTest, testInstance = [null], testMethod = [null], testException = [null], mergedContextConfiguration = [WebMergedContextConfiguration@58fe0499 testClass = GoodsControllerTest, locations = '{}', classes = '{class ru.virtu.test.TestApplication}', contextInitializerClasses = '[]', activeProfiles = '{}', propertySourceLocations = '{}', propertySourceProperties = '{org.springframework.boot.test.autoconfigure.web.servlet.WebMvcTestContextBootstrapper=true}', contextCustomizers = set[org.springframework.boot.test.autoconfigure.OverrideAutoConfigurationContextCustomizerFactory$DisableAutoConfigurationContextCustomizer@4b40f651, org.springframework.boot.test.autoconfigure.actuate.metrics.MetricsExportContextCustomizerFactory$DisableMetricExportContextCustomizer@466276d8, org.springframework.boot.test.autoconfigure.filter.TypeExcludeFiltersContextCustomizer@c9b667ec, org.springframework.boot.test.autoconfigure.properties.PropertyMappingContextCustomizer@4c20d68, org.springframework.boot.test.autoconfigure.web.servlet.WebDriverContextCustomizerFactory$Customizer@21a21c64, [ImportsContextCustomizer@686449f9 key = [org.springframework.boot.autoconfigure.cache.CacheAutoConfiguration, org.springframework.boot.autoconfigure.context.MessageSourceAutoConfiguration, org.springframework.boot.autoconfigure.data.web.SpringDataWebAutoConfiguration, org.springframework.boot.autoconfigure.freemarker.FreeMarkerAutoConfiguration, org.springframework.boot.autoconfigure.groovy.template.GroovyTemplateAutoConfiguration, org.springframework.boot.autoconfigure.gson.GsonAutoConfiguration, org.springframework.boot.autoconfigure.hateoas.HypermediaAutoConfiguration, org.springframework.boot.autoconfigure.http.HttpMessageConvertersAutoConfiguration, org.springframework.boot.autoconfigure.jackson.JacksonAutoConfiguration, org.springframework.boot.autoconfigure.jsonb.JsonbAutoConfiguration, org.springframework.boot.autoconfigure.mustache.MustacheAutoConfiguration, org.springframework.boot.autoconfigure.task.TaskExecutionAutoConfiguration, org.springframework.boot.autoconfigure.thymeleaf.ThymeleafAutoConfiguration, org.springframework.boot.autoconfigure.validation.ValidationAutoConfiguration, org.springframework.boot.autoconfigure.web.servlet.error.ErrorMvcAutoConfiguration, org.springframework.boot.autoconfigure.web.servlet.HttpEncodingAutoConfiguration, org.springframework.boot.autoconfigure.web.servlet.WebMvcAutoConfiguration, org.springframework.boot.test.autoconfigure.web.servlet.MockMvcAutoConfiguration, org.springframework.boot.test.autoconfigure.web.servlet.MockMvcWebClientAutoConfiguration, org.springframework.boot.test.autoconfigure.web.servlet.MockMvcWebDriverAutoConfiguration, org.springframework.boot.autoconfigure.security.oauth2.client.servlet.OAuth2ClientAutoConfiguration, org.springframework.boot.autoconfigure.security.oauth2.resource.servlet.OAuth2ResourceServerAutoConfiguration, org.springframework.boot.autoconfigure.security.servlet.SecurityAutoConfiguration, org.springframework.boot.autoconfigure.security.servlet.SecurityFilterAutoConfiguration, org.springframework.boot.autoconfigure.security.servlet.UserDetailsServiceAutoConfiguration, org.springframework.boot.test.autoconfigure.web.servlet.MockMvcSecurityConfiguration, org.springframework.boot.test.autoconfigure.web.reactive.WebTestClientAutoConfiguration]], org.springframework.boot.test.context.filter.ExcludeFilterContextCustomizer@17aad511, org.springframework.boot.test.json.DuplicateJsonObjectContextCustomizerFactory$DuplicateJsonObjectContextCustomizer@22bac7bc, org.springframework.boot.test.mock.mockito.MockitoContextCustomizer@4df9647b, org.springframework.boot.test.context.SpringBootTestArgs@1, org.springframework.boot.test.context.SpringBootTestWebEnvironment@0], resourceBasePath = 'src/main/webapp', contextLoader = 'org.springframework.boot.test.context.SpringBootContextLoader', parent = [null]], attributes = map[[empty]]], class annotated with @DirtiesContext [false] with mode [null].

  .   ____          _            __ _ _
 /\\ / ___'_ __ _ _(_)_ __  __ _ \ \ \ \
( ( )\___ | '_ | '_| | '_ \/ _` | \ \ \ \
 \\/  ___)| |_)| | | | | || (_| |  ) ) ) )
  '  |____| .__|_| |_|_| |_\__, | / / / /
 =========|_|==============|___/=/_/_/_/
 :: Spring Boot ::               (v2.7.10)

2023-04-08 00:57:56.201  INFO 112694 --- [    Test worker] r.v.test.controller.GoodsControllerTest  : Starting GoodsControllerTest using Java 18.0.2 on virtu-Aspire-A715-75G with PID 112694 (started by virtu in /home/virtu/JavaLearn/stack/test-application/back)
2023-04-08 00:57:56.202  INFO 112694 --- [    Test worker] r.v.test.controller.GoodsControllerTest  : No active profile set, falling back to 1 default profile: "default"
2023-04-08 00:57:57.148  INFO 112694 --- [    Test worker] o.s.b.t.m.w.SpringBootMockServletContext : Initializing Spring TestDispatcherServlet ''
2023-04-08 00:57:57.149  INFO 112694 --- [    Test worker] o.s.t.web.servlet.TestDispatcherServlet  : Initializing Servlet ''
2023-04-08 00:57:57.149  INFO 112694 --- [    Test worker] o.s.t.web.servlet.TestDispatcherServlet  : Completed initialization in 0 ms
2023-04-08 00:57:57.166  INFO 112694 --- [    Test worker] r.v.test.controller.GoodsControllerTest  : Started GoodsControllerTest in 1.156 seconds (JVM running for 1.724)

MockHttpServletRequest:
      HTTP Method = POST
      Request URI = /goods/add
       Parameters = {}
          Headers = [Content-Type:"application/json;charset=UTF-8", Accept:"application/json;charset=UTF-8", Content-Length:"30"]
             Body = {"name":"newName","price":100}
    Session Attrs = {}

Handler:
             Type = ru.virtu.test.controller.GoodsController
           Method = ru.virtu.test.controller.GoodsController#addGoods(GoodsDTO)

Async:
    Async started = false
     Async result = null

Resolved Exception:
             Type = null

ModelAndView:
        View name = null
             View = null
            Model = null

FlashMap:
       Attributes = null

MockHttpServletResponse:
           Status = 200
    Error message = null
          Headers = [Vary:"Origin", "Access-Control-Request-Method", "Access-Control-Request-Headers", Content-Type:"application/json;charset=UTF-8"]
     Content type = application/json;charset=UTF-8
             Body = "OK"
    Forwarded URL = null
   Redirected URL = null
          Cookies = []

MockHttpServletRequest:
      HTTP Method = PUT
      Request URI = /goods/1/update
       Parameters = {}
          Headers = [Content-Type:"application/json;charset=UTF-8", Accept:"application/json;charset=UTF-8", Content-Length:"37"]
             Body = {"id":1,"name":"newName","price":100}
    Session Attrs = {}

Handler:
             Type = ru.virtu.test.controller.GoodsController
           Method = ru.virtu.test.controller.GoodsController#updateGoods(Long, GoodsDTO)

Async:
    Async started = false
     Async result = null

Resolved Exception:
             Type = null

ModelAndView:
        View name = null
             View = null
            Model = null

FlashMap:
       Attributes = null

MockHttpServletResponse:
           Status = 200
    Error message = null
          Headers = [Vary:"Origin", "Access-Control-Request-Method", "Access-Control-Request-Headers", Content-Type:"application/json;charset=UTF-8"]
     Content type = application/json;charset=UTF-8
             Body = "CREATED"
    Forwarded URL = null
   Redirected URL = null
          Cookies = []
]]></system-out>
  <system-err><![CDATA[]]></system-err>
</testsuite>
